-------------------------------------------------------------------------------
Test set: com.examly.springapp.SpringappApplicationTests
-------------------------------------------------------------------------------
Tests run: 78, Failures: 5, Errors: 0, Skipped: 0, Time elapsed: 3.648 s <<< FAILURE! - in com.examly.springapp.SpringappApplicationTests
com.examly.springapp.SpringappApplicationTests.Day12_testGetTasksByStatus  Time elapsed: 0.012 s  <<< FAILURE!
java.lang.AssertionError: Status expected:<200> but was:<404>
	at com.examly.springapp.SpringappApplicationTests.Day12_testGetTasksByStatus(SpringappApplicationTests.java:1033)

com.examly.springapp.SpringappApplicationTests.Day12_testGetStatusLogsByOldStatus_NotFound  Time elapsed: 0.004 s  <<< FAILURE!
java.lang.AssertionError: Status expected:<204> but was:<404>
	at com.examly.springapp.SpringappApplicationTests.Day12_testGetStatusLogsByOldStatus_NotFound(SpringappApplicationTests.java:1046)

com.examly.springapp.SpringappApplicationTests.Day12_testGetAssignmentsByUserId_NotFound  Time elapsed: 0.003 s  <<< FAILURE!
java.lang.AssertionError: Status expected:<204> but was:<404>
	at com.examly.springapp.SpringappApplicationTests.Day12_testGetAssignmentsByUserId_NotFound(SpringappApplicationTests.java:1058)

com.examly.springapp.SpringappApplicationTests.Day12_testGetAssignmentsByUser_Positive  Time elapsed: 0.004 s  <<< FAILURE!
java.lang.AssertionError: Status expected:<204> but was:<404>
	at com.examly.springapp.SpringappApplicationTests.Day12_testGetAssignmentsByUser_Positive(SpringappApplicationTests.java:1069)

com.examly.springapp.SpringappApplicationTests.Day12_testGetTasksByStatus_NotFound  Time elapsed: 0.006 s  <<< FAILURE!
java.lang.AssertionError: Status expected:<404> but was:<400>
	at com.examly.springapp.SpringappApplicationTests.Day12_testGetTasksByStatus_NotFound(SpringappApplicationTests.java:1080)

